#0 building with "desktop-linux" instance using docker driver

#1 [internal] load build definition from Dockerfile
#1 transferring dockerfile: 2.91kB 0.0s done
#1 DONE 0.1s

#2 resolve image config for docker-image://docker.io/docker/dockerfile:1.7
#2 DONE 0.5s

#3 docker-image://docker.io/docker/dockerfile:1.7@sha256:a57df69d0ea827fb7266491f2813635de6f17269be881f696fbfdf2d83dda33e
#3 resolve docker.io/docker/dockerfile:1.7@sha256:a57df69d0ea827fb7266491f2813635de6f17269be881f696fbfdf2d83dda33e 0.1s done
#3 CACHED

#4 [internal] load metadata for mcr.microsoft.com/dotnet/sdk:9.0
#4 DONE 0.2s

#5 [internal] load metadata for mcr.microsoft.com/dotnet/aspnet:9.0
#5 DONE 0.2s

#6 [internal] load .dockerignore
#6 transferring context: 177B done
#6 DONE 0.0s

#7 [build 1/8] FROM mcr.microsoft.com/dotnet/sdk:9.0@sha256:c6a1f83156998790d89bfaf51f891aeab539bfa0792f7ddc19b63ba49b2ed8f2
#7 resolve mcr.microsoft.com/dotnet/sdk:9.0@sha256:c6a1f83156998790d89bfaf51f891aeab539bfa0792f7ddc19b63ba49b2ed8f2 0.1s done
#7 DONE 0.1s

#8 [internal] load build context
#8 DONE 0.0s

#9 [runtime 1/4] FROM mcr.microsoft.com/dotnet/aspnet:9.0@sha256:d8af6519702e3d0a4e7487da6287e43bfe2abd65a51d72bb6b82d8614b8fff0d
#9 resolve mcr.microsoft.com/dotnet/aspnet:9.0@sha256:d8af6519702e3d0a4e7487da6287e43bfe2abd65a51d72bb6b82d8614b8fff0d 0.1s done
#9 DONE 0.1s

#10 [runtime 2/4] WORKDIR /app
#10 CACHED

#11 [runtime 3/4] RUN if [ -f /etc/apt/sources.list.d/debian.sources ]; then     sed -i 's|deb.debian.org|cloudfront.debian.net|g' /etc/apt/sources.list.d/debian.sources;     fi     && if [ -f /etc/apt/sources.list ]; then     sed -i 's|deb.debian.org|cloudfront.debian.net|g' /etc/apt/sources.list;     fi     && apt-get update     && apt-get install -y --no-install-recommends     chromium     ca-certificates     fonts-liberation     fonts-dejavu-core     libnss3     libatk1.0-0     libatk-bridge2.0-0     libcups2     libdrm2     libxkbcommon0     libxcomposite1     libxdamage1     libxrandr2     libgbm1     libpango-1.0-0     libcairo2     libasound2     libx11-xcb1     && rm -rf /var/lib/apt/lists/*
#11 ...

#8 [internal] load build context
#8 transferring context: 12.17kB 0.0s done
#8 DONE 0.1s

#7 [build 1/8] FROM mcr.microsoft.com/dotnet/sdk:9.0@sha256:c6a1f83156998790d89bfaf51f891aeab539bfa0792f7ddc19b63ba49b2ed8f2
#7 sha256:dd087f62d2d2b77dcb0dca75de8d0cf901f8dbd6c147ed1d7a7738476517be41 120.59MB / 176.21MB 0.2s
#7 ...

#11 [runtime 3/4] RUN if [ -f /etc/apt/sources.list.d/debian.sources ]; then     sed -i 's|deb.debian.org|cloudfront.debian.net|g' /etc/apt/sources.list.d/debian.sources;     fi     && if [ -f /etc/apt/sources.list ]; then     sed -i 's|deb.debian.org|cloudfront.debian.net|g' /etc/apt/sources.list;     fi     && apt-get update     && apt-get install -y --no-install-recommends     chromium     ca-certificates     fonts-liberation     fonts-dejavu-core     libnss3     libatk1.0-0     libatk-bridge2.0-0     libcups2     libdrm2     libxkbcommon0     libxcomposite1     libxdamage1     libxrandr2     libgbm1     libpango-1.0-0     libcairo2     libasound2     libx11-xcb1     && rm -rf /var/lib/apt/lists/*
#11 0.823 Err:1 http://cloudfront.debian.net/debian bookworm InRelease
#11 0.823   470  status code 470 [IP: 18.164.68.84 80]
#11 0.826 Err:2 http://cloudfront.debian.net/debian bookworm-updates InRelease
#11 0.826   470  status code 470 [IP: 18.164.68.84 80]
#11 0.830 Err:3 http://cloudfront.debian.net/debian-security bookworm-security InRelease
#11 0.830   470  status code 470 [IP: 18.164.68.84 80]
#11 0.845 Reading package lists...
#11 0.870 E: The repository 'http://cloudfront.debian.net/debian bookworm InRelease' is not signed.
#11 0.870 E: Failed to fetch http://cloudfront.debian.net/debian/dists/bookworm/InRelease  470  status code 470 [IP: 18.164.68.84 80]
#11 0.870 E: Failed to fetch http://cloudfront.debian.net/debian/dists/bookworm-updates/InRelease  470  status code 470 [IP: 18.164.68.84 80]
#11 0.870 E: The repository 'http://cloudfront.debian.net/debian bookworm-updates InRelease' is not signed.
#11 0.870 E: Failed to fetch http://cloudfront.debian.net/debian-security/dists/bookworm-security/InRelease  470  status code 470 [IP: 18.164.68.84 80]
#11 0.870 E: The repository 'http://cloudfront.debian.net/debian-security bookworm-security InRelease' is not signed.
#11 ERROR: process "/bin/sh -c if [ -f /etc/apt/sources.list.d/debian.sources ]; then     sed -i 's|deb.debian.org|cloudfront.debian.net|g' /etc/apt/sources.list.d/debian.sources;     fi     && if [ -f /etc/apt/sources.list ]; then     sed -i 's|deb.debian.org|cloudfront.debian.net|g' /etc/apt/sources.list;     fi     && apt-get update     && apt-get install -y --no-install-recommends     chromium     ca-certificates     fonts-liberation     fonts-dejavu-core     libnss3     libatk1.0-0     libatk-bridge2.0-0     libcups2     libdrm2     libxkbcommon0     libxcomposite1     libxdamage1     libxrandr2     libgbm1     libpango-1.0-0     libcairo2     libasound2     libx11-xcb1     && rm -rf /var/lib/apt/lists/*" did not complete successfully: exit code: 100

#7 [build 1/8] FROM mcr.microsoft.com/dotnet/sdk:9.0@sha256:c6a1f83156998790d89bfaf51f891aeab539bfa0792f7ddc19b63ba49b2ed8f2
#7 DONE 1.0s

#12 [build 2/8] WORKDIR /src
#12 CANCELED
------
 > [runtime 3/4] RUN if [ -f /etc/apt/sources.list.d/debian.sources ]; then     sed -i 's|deb.debian.org|cloudfront.debian.net|g' /etc/apt/sources.list.d/debian.sources;     fi     && if [ -f /etc/apt/sources.list ]; then     sed -i 's|deb.debian.org|cloudfront.debian.net|g' /etc/apt/sources.list;     fi     && apt-get update     && apt-get install -y --no-install-recommends     chromium     ca-certificates     fonts-liberation     fonts-dejavu-core     libnss3     libatk1.0-0     libatk-bridge2.0-0     libcups2     libdrm2     libxkbcommon0     libxcomposite1     libxdamage1     libxrandr2     libgbm1     libpango-1.0-0     libcairo2     libasound2     libx11-xcb1     && rm -rf /var/lib/apt/lists/*:
0.826   470  status code 470 [IP: 18.164.68.84 80]
0.830 Err:3 http://cloudfront.debian.net/debian-security bookworm-security InRelease
0.830   470  status code 470 [IP: 18.164.68.84 80]
0.845 Reading package lists...
0.870 E: The repository 'http://cloudfront.debian.net/debian bookworm InRelease' is not signed.
0.870 E: Failed to fetch http://cloudfront.debian.net/debian/dists/bookworm/InRelease  470  status code 470 [IP: 18.164.68.84 80]
0.870 E: Failed to fetch http://cloudfront.debian.net/debian/dists/bookworm-updates/InRelease  470  status code 470 [IP: 18.164.68.84 80]
0.870 E: The repository 'http://cloudfront.debian.net/debian bookworm-updates InRelease' is not signed.
0.870 E: Failed to fetch http://cloudfront.debian.net/debian-security/dists/bookworm-security/InRelease  470  status code 470 [IP: 18.164.68.84 80]
0.870 E: The repository 'http://cloudfront.debian.net/debian-security bookworm-security InRelease' is not signed.
------
ERROR: failed to build: failed to solve: process "/bin/sh -c if [ -f /etc/apt/sources.list.d/debian.sources ]; then     sed -i 's|deb.debian.org|cloudfront.debian.net|g' /etc/apt/sources.list.d/debian.sources;     fi     && if [ -f /etc/apt/sources.list ]; then     sed -i 's|deb.debian.org|cloudfront.debian.net|g' /etc/apt/sources.list;     fi     && apt-get update     && apt-get install -y --no-install-recommends     chromium     ca-certificates     fonts-liberation     fonts-dejavu-core     libnss3     libatk1.0-0     libatk-bridge2.0-0     libcups2     libdrm2     libxkbcommon0     libxcomposite1     libxdamage1     libxrandr2     libgbm1     libpango-1.0-0     libcairo2     libasound2     libx11-xcb1     && rm -rf /var/lib/apt/lists/*" did not complete successfully: exit code: 100
