[0m[1mdata.azurerm_client_config.current: Reading...[0m[0m
[0m[1mdata.azurerm_resource_group.main: Reading...[0m[0m
[0m[1mdata.azurerm_client_config.current: Read complete after 0s [id=Y2xpZW50Q29uZmlncy9jbGllbnRJZD0wNGIwNzc5NS04ZGRiLTQ2MWEtYmJlZS0wMmY5ZTFiZjdiNDY7b2JqZWN0SWQ9NzYzZGI5OWYtYjhjNi00ZjFiLWI2ZWMtYmRmNzlkMTg3YzZiO3N1YnNjcmlwdGlvbklkPWNhNGI2ODE0LTkyNGQtNDI2My05NjM3LTlhODU5OWIyMWE2MDt0ZW5hbnRJZD1mYTg5NmU3NS00NDQ2LTRmOWMtYWU1Ny04YzczNWFhNjkyYTY=][0m
[0m[1mdata.azurerm_resource_group.main: Read complete after 1s [id=/subscriptions/ca4b6814-924d-4263-9637-9a8599b21a60/resourceGroups/rg-hellobuddy-prod][0m
[0m[1mazurerm_user_assigned_identity.admin_app: Refreshing state... [id=/subscriptions/ca4b6814-924d-4263-9637-9a8599b21a60/resourceGroups/rg-hellobuddy-prod/providers/Microsoft.ManagedIdentity/userAssignedIdentities/uami-hellobuddy-admin][0m
[0m[1mdata.azurerm_key_vault.main: Reading...[0m[0m
[0m[1mazurerm_log_analytics_workspace.main: Refreshing state... [id=/subscriptions/ca4b6814-924d-4263-9637-9a8599b21a60/resourceGroups/rg-hellobuddy-prod/providers/Microsoft.OperationalInsights/workspaces/log-hellobuddy-prod][0m
[0m[1mazurerm_container_registry.main: Refreshing state... [id=/subscriptions/ca4b6814-924d-4263-9637-9a8599b21a60/resourceGroups/rg-hellobuddy-prod/providers/Microsoft.ContainerRegistry/registries/acrhellobuddyprod][0m
[0m[1mazurerm_storage_account.main: Refreshing state... [id=/subscriptions/ca4b6814-924d-4263-9637-9a8599b21a60/resourceGroups/rg-hellobuddy-prod/providers/Microsoft.Storage/storageAccounts/sthellobuddyprod][0m
[0m[1mdata.azurerm_key_vault.main: Read complete after 0s [id=/subscriptions/ca4b6814-924d-4263-9637-9a8599b21a60/resourceGroups/rg-hellobuddy-prod/providers/Microsoft.KeyVault/vaults/kv-hellobuddy-prod][0m
[0m[1mdata.azurerm_key_vault_secret.existing_mysql_connection_string: Reading...[0m[0m
[0m[1mazurerm_application_insights.main: Refreshing state... [id=/subscriptions/ca4b6814-924d-4263-9637-9a8599b21a60/resourceGroups/rg-hellobuddy-prod/providers/Microsoft.Insights/components/appi-hellobuddy-prod][0m
[0m[1mazurerm_container_app_environment.main: Refreshing state... [id=/subscriptions/ca4b6814-924d-4263-9637-9a8599b21a60/resourceGroups/rg-hellobuddy-prod/providers/Microsoft.App/managedEnvironments/cae-hellobuddy-prod][0m
[0m[1mazurerm_role_assignment.admin_app_acr_pull: Refreshing state... [id=/subscriptions/ca4b6814-924d-4263-9637-9a8599b21a60/resourceGroups/rg-hellobuddy-prod/providers/Microsoft.ContainerRegistry/registries/acrhellobuddyprod/providers/Microsoft.Authorization/roleAssignments/70a90e76-1cb0-15ab-635f-b6b5021c0181][0m
[0m[1mazurerm_key_vault_access_policy.admin_app: Refreshing state... [id=/subscriptions/ca4b6814-924d-4263-9637-9a8599b21a60/resourceGroups/rg-hellobuddy-prod/providers/Microsoft.KeyVault/vaults/kv-hellobuddy-prod/objectId/c3704868-c686-48a2-8359-81ad6baeeecf][0m
[0m[1mazurerm_storage_container.published_programmes: Refreshing state... [id=https://sthellobuddyprod.blob.core.windows.net/published-programmes][0m
[0m[1mazurerm_role_assignment.admin_app_blob_contributor: Refreshing state... [id=/subscriptions/ca4b6814-924d-4263-9637-9a8599b21a60/resourceGroups/rg-hellobuddy-prod/providers/Microsoft.Storage/storageAccounts/sthellobuddyprod/blobServices/default/containers/published-programmes/providers/Microsoft.Authorization/roleAssignments/e5d69329-8f83-421c-2934-2a66611c6bb5][0m
[0m[1mdata.azurerm_key_vault_secret.existing_mysql_connection_string: Read complete after 2s [id=https://kv-hellobuddy-prod.vault.azure.net/secrets/mysql-connection-string/1569ab3e312a4830aaba02c6972289e5][0m
[0m[1mazurerm_key_vault_secret.connection_string: Refreshing state... [id=https://kv-hellobuddy-prod.vault.azure.net/secrets/ConnectionStrings--CaninePhysioDb/d05cfc1f0ab041438cdd98986b661ef4][0m
[0m[1mazurerm_key_vault_secret.appinsights_connection_string: Refreshing state... [id=https://kv-hellobuddy-prod.vault.azure.net/secrets/ApplicationInsights--ConnectionString/9c087c376d444058841e6a589d741b59][0m

Terraform used the selected providers to generate the following execution
plan. Resource actions are indicated with the following symbols:
  [32m+[0m create[0m

Terraform will perform the following actions:

[1m  # azurerm_container_app.admin[0][0m will be created
[0m  [32m+[0m[0m resource "azurerm_container_app" "admin" {
      [32m+[0m[0m container_app_environment_id  = "/subscriptions/ca4b6814-924d-4263-9637-9a8599b21a60/resourceGroups/rg-hellobuddy-prod/providers/Microsoft.App/managedEnvironments/cae-hellobuddy-prod"
      [32m+[0m[0m custom_domain_verification_id = (sensitive value)
      [32m+[0m[0m id                            = (known after apply)
      [32m+[0m[0m latest_revision_fqdn          = (known after apply)
      [32m+[0m[0m latest_revision_name          = (known after apply)
      [32m+[0m[0m location                      = (known after apply)
      [32m+[0m[0m name                          = "ca-hello-buddy-admin"
      [32m+[0m[0m outbound_ip_addresses         = (known after apply)
      [32m+[0m[0m resource_group_name           = "rg-hellobuddy-prod"
      [32m+[0m[0m revision_mode                 = "Single"
      [32m+[0m[0m tags                          = {
          [32m+[0m[0m "assessment"  = "com712"
          [32m+[0m[0m "environment" = "prod"
          [32m+[0m[0m "managed_by"  = "terraform"
          [32m+[0m[0m "module"      = "container-platform"
          [32m+[0m[0m "project"     = "hello-buddy"
        }

      [32m+[0m[0m identity {
          [32m+[0m[0m identity_ids = [
              [32m+[0m[0m "/subscriptions/ca4b6814-924d-4263-9637-9a8599b21a60/resourceGroups/rg-hellobuddy-prod/providers/Microsoft.ManagedIdentity/userAssignedIdentities/uami-hellobuddy-admin",
            ]
          [32m+[0m[0m principal_id = (known after apply)
          [32m+[0m[0m tenant_id    = (known after apply)
          [32m+[0m[0m type         = "UserAssigned"
        }

      [32m+[0m[0m ingress {
          [32m+[0m[0m allow_insecure_connections = false
          [32m+[0m[0m external_enabled           = true
          [32m+[0m[0m fqdn                       = (known after apply)
          [32m+[0m[0m target_port                = 8080
          [32m+[0m[0m transport                  = "auto"

          [32m+[0m[0m custom_domain (known after apply)

          [32m+[0m[0m traffic_weight {
              [32m+[0m[0m latest_revision = true
              [32m+[0m[0m percentage      = 100
            }
        }

      [32m+[0m[0m registry {
          [32m+[0m[0m identity = "/subscriptions/ca4b6814-924d-4263-9637-9a8599b21a60/resourceGroups/rg-hellobuddy-prod/providers/Microsoft.ManagedIdentity/userAssignedIdentities/uami-hellobuddy-admin"
          [32m+[0m[0m server   = "acrhellobuddyprod.azurecr.io"
        }

      [32m+[0m[0m template {
          [32m+[0m[0m max_replicas    = 3
          [32m+[0m[0m min_replicas    = 1
          [32m+[0m[0m revision_suffix = (known after apply)

          [32m+[0m[0m container {
              [32m+[0m[0m cpu               = 0.5
              [32m+[0m[0m ephemeral_storage = (known after apply)
              [32m+[0m[0m image             = "acrhellobuddyprod.azurecr.io/hello-buddy-admin:v1"
              [32m+[0m[0m memory            = "1Gi"
              [32m+[0m[0m name              = "admin"

              [32m+[0m[0m env {
                  [32m+[0m[0m name  = "ASPNETCORE_ENVIRONMENT"
                  [32m+[0m[0m value = "Production"
                }
              [32m+[0m[0m env {
                  [32m+[0m[0m name  = "KeyVault__Uri"
                  [32m+[0m[0m value = "https://kv-hellobuddy-prod.vault.azure.net/"
                }
              [32m+[0m[0m env {
                  [32m+[0m[0m name  = "Storage__BlobServiceUri"
                  [32m+[0m[0m value = "https://sthellobuddyprod.blob.core.windows.net/"
                }
              [32m+[0m[0m env {
                  [32m+[0m[0m name  = "Storage__PublishedProgrammesContainer"
                  [32m+[0m[0m value = "published-programmes"
                }
              [32m+[0m[0m env {
                  [32m+[0m[0m name  = "AZURE_CLIENT_ID"
                  [32m+[0m[0m value = "9d9a5cc5-a81a-4a82-9974-d02064fadb66"
                }
            }
        }
    }

[1mPlan:[0m [0m1 to add, 0 to change, 0 to destroy.

Changes to Outputs:
  [33m~[0m[0m admin_app_url                          = "not yet deployed" -> (known after apply)
[0m[1mazurerm_container_app.admin[0]: Creating...[0m[0m
[0m[1mazurerm_container_app.admin[0]: Still creating... [00m10s elapsed][0m[0m
[0m[1mazurerm_container_app.admin[0]: Creation complete after 17s [id=/subscriptions/ca4b6814-924d-4263-9637-9a8599b21a60/resourceGroups/rg-hellobuddy-prod/providers/Microsoft.App/containerApps/ca-hello-buddy-admin][0m
[0m[1m[32m
Apply complete! Resources: 1 added, 0 changed, 0 destroyed.[0m
[0m[1m[32m
Outputs:

[0macr_login_server = "acrhellobuddyprod.azurecr.io"
acr_name = "acrhellobuddyprod"
admin_app_identity_client_id = "9d9a5cc5-a81a-4a82-9974-d02064fadb66"
admin_app_identity_principal_id = "c3704868-c686-48a2-8359-81ad6baeeecf"
admin_app_url = "https://ca-hello-buddy-admin--vgh7eum.mangocliff-d46e000d.uksouth.azurecontainerapps.io"
application_insights_connection_string = <sensitive>
blob_service_uri = "https://sthellobuddyprod.blob.core.windows.net/"
container_app_environment_name = "cae-hellobuddy-prod"
published_programmes_container = "published-programmes"
storage_account_name = "sthellobuddyprod"
