WARNING: Packing source code into tar to upload...
WARNING: Uploading archived source code from 'C:\Users\gilbertn\AppData\Local\Temp\build_archive_29fcfd44189b4794a46a4dd27d54898d.tar.gz'...
WARNING: Sending context (270.453 MiB) to registry: acrhellobuddyprod...
WARNING: Queued a build with ID: db3
WARNING: Waiting for an agent...
WARNING: Packing source code into tar to upload...
WARNING: Uploading archived source code from 'C:\Users\gilbertn\AppData\Local\Temp\build_archive_2abb6c454ea44449bcc7218c3178348d.tar.gz'...
WARNING: Sending context (270.455 MiB) to registry: acrhellobuddyprod...
WARNING: Queued a build with ID: db4
WARNING: Waiting for an agent...
WARNING: Packing source code into tar to upload...
WARNING: Uploading archived source code from 'C:\Users\gilbertn\AppData\Local\Temp\build_archive_acaae5b5496144fa9c3f31a57cf50354.tar.gz'...
WARNING: Sending context (270.456 MiB) to registry: acrhellobuddyprod...
WARNING: Queued a build with ID: db5
WARNING: Waiting for an agent...
ERROR: The command failed with an unexpected error. Here is the traceback:
ERROR: 'charmap' codec can't encode character '\u2192' in position 3207: character maps to <undefined>
Traceback (most recent call last):
  File "D:\a\_work\1\s\build_scripts\windows\artifacts\cli\Lib\site-packages\knack/cli.py", line 233, in invoke
  File "D:\a\_work\1\s\build_scripts\windows\artifacts\cli\Lib\site-packages\azure/cli/core/commands/__init__.py", line 666, in execute
  File "D:\a\_work\1\s\build_scripts\windows\artifacts\cli\Lib\site-packages\azure/cli/core/commands/__init__.py", line 734, in _run_jobs_serially
  File "D:\a\_work\1\s\build_scripts\windows\artifacts\cli\Lib\site-packages\azure/cli/core/commands/__init__.py", line 703, in _run_job
  File "D:\a\_work\1\s\build_scripts\windows\artifacts\cli\Lib\site-packages\azure/cli/core/commands/__init__.py", line 336, in __call__
  File "D:\a\_work\1\s\build_scripts\windows\artifacts\cli\Lib\site-packages\azure/cli/core/commands/command_operation.py", line 120, in handler
  File "D:\a\_work\1\s\build_scripts\windows\artifacts\cli\Lib\site-packages\azure/cli/command_modules/acr/build.py", line 149, in acr_build
  File "D:\a\_work\1\s\build_scripts\windows\artifacts\cli\Lib\site-packages\azure/cli/command_modules/acr/_stream_utils.py", line 56, in stream_logs
  File "D:\a\_work\1\s\build_scripts\windows\artifacts\cli\Lib\site-packages\azure/cli/command_modules/acr/_stream_utils.py", line 126, in _stream_logs
  File "D:\a\_work\1\s\build_scripts\windows\artifacts\cli\Lib\site-packages\colorama/ansitowin32.py", line 47, in write
  File "D:\a\_work\1\s\build_scripts\windows\artifacts\cli\Lib\site-packages\colorama/ansitowin32.py", line 177, in write
  File "D:\a\_work\1\s\build_scripts\windows\artifacts\cli\Lib\site-packages\colorama/ansitowin32.py", line 205, in write_and_convert
  File "D:\a\_work\1\s\build_scripts\windows\artifacts\cli\Lib\site-packages\colorama/ansitowin32.py", line 210, in write_plain_text
  File "encodings\cp1252.py", line 19, in encode
UnicodeEncodeError: 'charmap' codec can't encode character '\u2192' in position 3207: character maps to <undefined>
To check existing issues, please visit: https://github.com/Azure/azure-cli/issues
